<?xml version="1.0" encoding="UTF-8"?>
<!-- Generated by org.testng.reporters.JUnitReportReporter -->
<testsuite skipped="1" hostname="LAPTOP-KJS6N9AB" name="firsttestngpackage.FirstTestNGFile" tests="6" failures="0" timestamp="27 Apr 2020 16:04:59 GMT" time="0.113" errors="0">
  <testcase name="searchPageTest" time="0.008" classname="firsttestngpackage.FirstTestNGFile"/>
  <testcase name="loginTest" time="0.000" classname="firsttestngpackage.FirstTestNGFile">
    <skipped/>
  </testcase> <!-- loginTest -->
  <testcase name="checkPageTest" time="0.016" classname="firsttestngpackage.FirstTestNGFile"/>
  <testcase name="homePageTest" time="0.008" classname="firsttestngpackage.FirstTestNGFile"/>
  <testcase name="checkPageTest" time="0.073" classname="firsttestngpackage.FirstTestNGFile"/>
  <testcase name="checkPageTest" time="0.008" classname="firsttestngpackage.FirstTestNGFile"/>
</testsuite> <!-- firsttestngpackage.FirstTestNGFile -->
