<?xml version="1.0" encoding="UTF-8"?>
<!-- Generated by org.testng.reporters.JUnitReportReporter -->
<testsuite skipped="0" hostname="LAPTOP-KJS6N9AB" name="testScripts.RedBusLogin" tests="1" failures="0" timestamp="20 Jun 2020 13:30:28 GMT" time="38.088" errors="0">
  <testcase name="redbusLogin" time="38.088" classname="testScripts.RedBusLogin"/>
</testsuite> <!-- testScripts.RedBusLogin -->
