<?xml version="1.0" encoding="UTF-8"?>
<!-- Generated by org.testng.reporters.JUnitReportReporter -->
<testsuite skipped="0" hostname="LAPTOP-KJS6N9AB" name="testScripts.FacebookLogin" tests="1" failures="0" timestamp="29 Apr 2020 07:05:01 GMT" time="147.275" errors="0">
  <testcase name="faceBookLoginTest" time="147.275" classname="testScripts.FacebookLogin"/>
</testsuite> <!-- testScripts.FacebookLogin -->
