<?xml version="1.0" encoding="UTF-8"?>
<!-- Generated by org.testng.reporters.JUnitReportReporter -->
<testsuite skipped="2" hostname="LAPTOP-KJS6N9AB" name="testScripts.CrossBrowserTestMethod" tests="4" failures="0" timestamp="21 Jun 2020 10:23:58 GMT" time="50.560" errors="0">
  <testcase name="chromeBrowser" time="15.052" classname="testScripts.CrossBrowserTestMethod"/>
  <testcase name="firefoxBrowser" time="35.508" classname="testScripts.CrossBrowserTestMethod"/>
  <testcase name="chromeBrowserFaceBook" classname="testScripts.CrossBrowserTestMethod">
    <skipped/>
  </testcase> <!-- chromeBrowserFaceBook -->
  <testcase name="firefoxBrowserFaceBook" classname="testScripts.CrossBrowserTestMethod">
    <skipped/>
  </testcase> <!-- firefoxBrowserFaceBook -->
</testsuite> <!-- testScripts.CrossBrowserTestMethod -->
