<?xml version="1.0" encoding="UTF-8"?>
<!-- Generated by org.testng.reporters.JUnitReportReporter -->
<testsuite skipped="0" hostname="LAPTOP-KJS6N9AB" name="testScripts.VerifyLogin" tests="1" failures="0" timestamp="18 Apr 2020 07:47:31 GMT" time="48.846" errors="0">
  <testcase name="verifyLogin" time="48.846" classname="testScripts.VerifyLogin"/>
</testsuite> <!-- testScripts.VerifyLogin -->
